빌드 시작: 2015-09-06 오전 2:56:45
     1>2 노드의 "C:\Users\J.Style\documents\visual studio 2010\Projects\Quoridor\Quoridor\Quoridor.vcxproj" 프로젝트(build 대상)입니다.
     1>InitializeBuildStatus:
         "Debug\Quoridor.unsuccessfulbuild"에 연결(touching)하고 있습니다.
       ClCompile:
         C:\Program Files (x86)\Microsoft Visual Studio 10.0\VC\bin\CL.exe /c /ZI /nologo /W3 /WX- /Od /Oy- /D _MBCS /Gm /EHsc /RTC1 /MDd /GS /fp:precise /Zc:wchar_t /Zc:forScope /Fo"Debug\\" /Fd"Debug\vc100.pdb" /Gd /TP /analyze- /errorReport:prompt board.cpp main.cpp
         main.cpp
         board.cpp
         코드를 생성하고 있습니다...
       Link:
         C:\Program Files (x86)\Microsoft Visual Studio 10.0\VC\bin\link.exe /ERRORREPORT:PROMPT /OUT:"C:\Users\J.Style\documents\visual studio 2010\Projects\Quoridor\Debug\Quoridor.exe" /NOLOGO kernel32.lib user32.lib gdi32.lib winspool.lib comdlg32.lib advapi32.lib shell32.lib ole32.lib oleaut32.lib uuid.lib odbc32.lib odbccp32.lib /MANIFEST /ManifestFile:"Debug\Quoridor.exe.intermediate.manifest" /MANIFESTUAC:"level='asInvoker' uiAccess='false'" /DEBUG /PDB:"C:\Users\J.Style\documents\visual studio 2010\Projects\Quoridor\Debug\Quoridor.pdb" /TLBID:1 /DYNAMICBASE /NXCOMPAT /IMPLIB:"C:\Users\J.Style\documents\visual studio 2010\Projects\Quoridor\Debug\Quoridor.lib" /MACHINE:X86 Debug\api.obj
         Debug\board.obj
         Debug\character.obj
         Debug\image.obj
         Debug\main.obj
         Debug\player.obj
         Debug\square.obj
         Debug\dxfunc.obj
         LINK : C:\Users\J.Style\documents\visual studio 2010\Projects\Quoridor\Debug\Quoridor.exe을(를) 찾을 수 없거나 마지막 증분 링크에 의해 빌드되지 않았습니다. 전체 링크를 수행하고 있습니다.
         Quoridor.vcxproj -> C:\Users\J.Style\documents\visual studio 2010\Projects\Quoridor\Debug\Quoridor.exe
       Manifest:
         C:\Program Files (x86)\Microsoft SDKs\Windows\v7.0A\bin\mt.exe /nologo /verbose /outputresource:"C:\Users\J.Style\documents\visual studio 2010\Projects\Quoridor\Debug\Quoridor.exe;#1" /manifest Debug\Quoridor.exe.intermediate.manifest
       FinalizeBuildStatus:
         "Debug\Quoridor.unsuccessfulbuild" 파일을 삭제하고 있습니다.
         "Debug\Quoridor.lastbuildstate"에 연결(touching)하고 있습니다.
     1>"C:\Users\J.Style\documents\visual studio 2010\Projects\Quoridor\Quoridor\Quoridor.vcxproj" 프로젝트를 빌드했습니다(build 대상).

빌드했습니다.

경과 시간: 00:00:01.51
